<?xml version="1.0" encoding="UTF-8"?>
<!-- Generated by org.testng.reporters.JUnitXMLReporter -->
<testsuite ignored="0" hostname="LAPTOP-4T0QT2ND" failures="2" tests="3" name="testngtest51" time="22.347" errors="0" timestamp="2022-06-09T10:19:31 IST">
  <testcase classname="screenshot.TestClass" name="facebook" time="13.499">
    <failure type="java.lang.AssertionError" message="if faile take screenshot expected [welcome] but found [Log in to Facebook]">
      <![CDATA[java.lang.AssertionError: if faile take screenshot expected [welcome] but found [Log in to Facebook]
at screenshot.TestClass.facebook(TestClass.java:51)
at java.base/java.util.ArrayList.forEach(ArrayList.java:1511)
... Removed 32 stack frames]]>
    </failure>
  </testcase> <!-- facebook -->
  <testcase classname="screenshot.TestClass" name="google" time="1.57"/>
  <testcase classname="screenshot.TestClass" name="hyrtutorials" time="4.286">
    <failure type="java.lang.AssertionError" message="expected [hyr] but found [Window Handles Practice - H Y R Tutorials]">
      <![CDATA[java.lang.AssertionError: expected [hyr] but found [Window Handles Practice - H Y R Tutorials]
at screenshot.TestClass.hyrtutorials(TestClass.java:39)
at java.base/java.util.ArrayList.forEach(ArrayList.java:1511)
... Removed 33 stack frames]]>
    </failure>
  </testcase> <!-- hyrtutorials -->
</testsuite> <!-- testngtest51 -->
