<?xml version="1.0" encoding="UTF-8"?>
<!-- Generated by org.testng.reporters.JUnitXMLReporter -->
<testsuite ignored="2" hostname="LAPTOP-4T0QT2ND" failures="0" tests="1" name="Default test" time="10.892" errors="0" timestamp="2022-08-06T17:18:34 IST">
  <testcase classname="com.qa.TestLayer.TestForBrokenLinks" name="productPageBrokenLinks" time="5.578"/>
  <testcase classname="com.qa.TestLayer.TestForBrokenLinks" name="cartPageBrokenLinks" time="0.0">
    <ignored/>
  </testcase> <!-- cartPageBrokenLinks -->
  <testcase classname="com.qa.TestLayer.TestForBrokenLinks" name="loginPageBrokenLinks" time="0.0">
    <ignored/>
  </testcase> <!-- loginPageBrokenLinks -->
</testsuite> <!-- Default test -->
