<?xml version="1.0" encoding="UTF-8"?>
<testng-results ignored="2" total="3" passed="1" failed="0" skipped="0">
  <reporter-output>
  </reporter-output>
  <suite started-at="2022-08-06T17:18:24 IST" name="Default suite" finished-at="2022-08-06T17:18:34 IST" duration-ms="10892">
    <groups>
    </groups>
    <test started-at="2022-08-06T17:18:24 IST" name="Default test" finished-at="2022-08-06T17:18:34 IST" duration-ms="10892">
      <class name="com.qa.TestLayer.TestForBrokenLinks">
        <test-method is-config="true" signature="setup()[pri:0, instance:com.qa.TestLayer.TestForBrokenLinks@4efbca5a]" started-at="2022-08-06T17:18:24 IST" name="setup" finished-at="2022-08-06T17:18:26 IST" duration-ms="2897" status="PASS">
          <reporter-output>
          </reporter-output>
        </test-method> <!-- setup -->
        <test-method signature="productPageBrokenLinks()[pri:0, instance:com.qa.TestLayer.TestForBrokenLinks@4efbca5a]" started-at="2022-08-06T17:18:26 IST" name="productPageBrokenLinks" finished-at="2022-08-06T17:18:32 IST" duration-ms="5578" status="PASS">
          <reporter-output>
          </reporter-output>
        </test-method> <!-- productPageBrokenLinks -->
        <test-method is-config="true" signature="teardown()[pri:0, instance:com.qa.TestLayer.TestForBrokenLinks@4efbca5a]" started-at="2022-08-06T17:18:32 IST" name="teardown" finished-at="2022-08-06T17:18:34 IST" duration-ms="2380" status="PASS">
          <reporter-output>
          </reporter-output>
        </test-method> <!-- teardown -->
      </class> <!-- com.qa.TestLayer.TestForBrokenLinks -->
    </test> <!-- Default test -->
  </suite> <!-- Default suite -->
</testng-results>
